<?xml version="1.0" encoding="UTF-8" ?>
<testsuite tests="1" failures="0" name="com.econetwireless.in.soap.publisher.IntelligentNetworkPublisherTest" time="0.19" errors="1" skipped="0">
  <properties>
[...]
</properties>
  <testcase classname="com.econetwireless.in.soap.publisher.IntelligentNetworkPublisherTest" name="initializationError" time="0.007">
    <error message="org/springframework/web/bind/annotation/ControllerAdvice" type="java.lang.NoClassDefFoundError">java.lang.NoClassDefFoundError: org/springframework/web/bind/annotation/ControllerAdvice
	at org.springframework.boot.test.autoconfigure.web.servlet.WebMvcTypeExcludeFilter.&lt;clinit&gt;(WebMvcTypeExcludeFilter.java:50)
	at sun.reflect.NativeConstructorAccessorImpl.newInstance0(Native Method)
	at sun.reflect.NativeConstructorAccessorImpl.newInstance(NativeConstructorAccessorImpl.java:62)
	at sun.reflect.DelegatingConstructorAccessorImpl.newInstance(DelegatingConstructorAccessorImpl.java:45)
	at java.lang.reflect.Constructor.newInstance(Constructor.java:423)
	at org.springframework.boot.test.autoconfigure.filter.TypeExcludeFiltersContextCustomizer.instantiateTypeExcludeFilter(TypeExcludeFiltersContextCustomizer.java:66)
	at org.springframework.boot.test.autoconfigure.filter.TypeExcludeFiltersContextCustomizer.instantiateTypeExcludeFilters(TypeExcludeFiltersContextCustomizer.java:55)
	at org.springframework.boot.test.autoconfigure.filter.TypeExcludeFiltersContextCustomizer.&lt;init&gt;(TypeExcludeFiltersContextCustomizer.java:48)
	at org.springframework.boot.test.autoconfigure.filter.TypeExcludeFiltersContextCustomizerFactory.createContextCustomizer(TypeExcludeFiltersContextCustomizerFactory.java:47)
	at org.springframework.test.context.support.AbstractTestContextBootstrapper.getContextCustomizers(AbstractTestContextBootstrapper.java:418)
	at org.springframework.test.context.support.AbstractTestContextBootstrapper.buildMergedContextConfiguration(AbstractTestContextBootstrapper.java:387)
	at org.springframework.test.context.support.AbstractTestContextBootstrapper.buildDefaultMergedContextConfiguration(AbstractTestContextBootstrapper.java:323)
	at org.springframework.test.context.support.AbstractTestContextBootstrapper.buildMergedContextConfiguration(AbstractTestContextBootstrapper.java:277)
	at org.springframework.test.context.support.AbstractTestContextBootstrapper.buildTestContext(AbstractTestContextBootstrapper.java:112)
	at org.springframework.boot.test.context.SpringBootTestContextBootstrapper.buildTestContext(SpringBootTestContextBootstrapper.java:82)
	at org.springframework.test.context.TestContextManager.&lt;init&gt;(TestContextManager.java:120)
	at org.springframework.test.context.TestContextManager.&lt;init&gt;(TestContextManager.java:105)
	at org.springframework.test.context.junit4.SpringJUnit4ClassRunner.createTestContextManager(SpringJUnit4ClassRunner.java:152)
	at org.springframework.test.context.junit4.SpringJUnit4ClassRunner.&lt;init&gt;(SpringJUnit4ClassRunner.java:143)
	at sun.reflect.NativeConstructorAccessorImpl.newInstance0(Native Method)
	at sun.reflect.NativeConstructorAccessorImpl.newInstance(NativeConstructorAccessorImpl.java:62)
	at sun.reflect.DelegatingConstructorAccessorImpl.newInstance(DelegatingConstructorAccessorImpl.java:45)
	at java.lang.reflect.Constructor.newInstance(Constructor.java:423)
	at org.junit.internal.builders.AnnotatedBuilder.buildRunner(AnnotatedBuilder.java:104)
	at org.junit.internal.builders.AnnotatedBuilder.runnerForClass(AnnotatedBuilder.java:86)
	at org.junit.runners.model.RunnerBuilder.safeRunnerForClass(RunnerBuilder.java:59)
	at org.junit.internal.builders.AllDefaultPossibilitiesBuilder.runnerForClass(AllDefaultPossibilitiesBuilder.java:26)
	at org.junit.runners.model.RunnerBuilder.safeRunnerForClass(RunnerBuilder.java:59)
	at org.junit.internal.requests.ClassRequest.getRunner(ClassRequest.java:33)
	at org.apache.maven.surefire.junit4.JUnit4Provider.execute(JUnit4Provider.java:232)
	at org.apache.maven.surefire.junit4.JUnit4Provider.executeTestSet(JUnit4Provider.java:133)
	at org.apache.maven.surefire.junit4.JUnit4Provider.invoke(JUnit4Provider.java:114)
	at sun.reflect.NativeMethodAccessorImpl.invoke0(Native Method)
	at sun.reflect.NativeMethodAccessorImpl.invoke(NativeMethodAccessorImpl.java:62)
	at sun.reflect.DelegatingMethodAccessorImpl.invoke(DelegatingMethodAccessorImpl.java:43)
	at java.lang.reflect.Method.invoke(Method.java:498)
	at org.apache.maven.surefire.util.ReflectionUtils.invokeMethodWithArray(ReflectionUtils.java:188)
	at org.apache.maven.surefire.booter.ProviderFactory$ProviderProxy.invoke(ProviderFactory.java:166)
	at org.apache.maven.surefire.booter.ProviderFactory.invokeProvider(ProviderFactory.java:86)
	at org.apache.maven.surefire.booter.ForkedBooter.runSuitesInProcess(ForkedBooter.java:101)
	at org.apache.maven.surefire.booter.ForkedBooter.main(ForkedBooter.java:74)
Caused by: java.lang.ClassNotFoundException: org.springframework.web.bind.annotation.ControllerAdvice
	at java.net.URLClassLoader.findClass(URLClassLoader.java:381)
	at java.lang.ClassLoader.loadClass(ClassLoader.java:424)
	at sun.misc.Launcher$AppClassLoader.loadClass(Launcher.java:331)
	at java.lang.ClassLoader.loadClass(ClassLoader.java:357)
	... 41 more
</error>
    <system-err>Oct 18, 2021 4:30:14 PM org.springframework.boot.test.autoconfigure.web.servlet.WebMvcTestContextBootstrapper buildDefaultMergedContextConfiguration
INFO: Neither @ContextConfiguration nor @ContextHierarchy found for test class [com.econetwireless.in.soap.publisher.IntelligentNetworkPublisherTest], using SpringBootContextLoader
Oct 18, 2021 4:30:14 PM org.springframework.test.context.support.AbstractContextLoader generateDefaultLocations
INFO: Could not detect default resource locations for test class [com.econetwireless.in.soap.publisher.IntelligentNetworkPublisherTest]: no resource found for suffixes {-context.xml, Context.groovy}.
Oct 18, 2021 4:30:14 PM org.springframework.test.context.support.AnnotationConfigContextLoaderUtils detectDefaultConfigurationClasses
INFO: Could not detect default configuration classes for test class [com.econetwireless.in.soap.publisher.IntelligentNetworkPublisherTest]: IntelligentNetworkPublisherTest does not declare any static, non-private, non-final, nested classes annotated with @Configuration.
</system-err>
  </testcase>
</testsuite>